[debug] [2020-07-01T04:51:48.512Z] ----------------------------------------------------------------------
[debug] [2020-07-01T04:51:48.514Z] Command:       C:\Program Files\nodejs\node.exe C:\Users\Brendan Halstead\AppData\Roaming\npm\node_modules\firebase-tools\lib\bin\firebase.js init
[debug] [2020-07-01T04:51:48.514Z] CLI Version:   8.4.3
[debug] [2020-07-01T04:51:48.514Z] Platform:      win32
[debug] [2020-07-01T04:51:48.514Z] Node Version:  v12.18.0
[debug] [2020-07-01T04:51:48.515Z] Time:          Wed Jul 01 2020 00:51:48 GMT-0400 (Eastern Daylight Time)
[debug] [2020-07-01T04:51:48.516Z] ----------------------------------------------------------------------
[debug] [2020-07-01T04:51:48.516Z] 
[debug] [2020-07-01T04:51:48.523Z] > command requires scopes: ["email","openid","https://www.googleapis.com/auth/cloudplatformprojects.readonly","https://www.googleapis.com/auth/firebase","https://www.googleapis.com/auth/cloud-platform"]
[debug] [2020-07-01T04:51:48.524Z] > authorizing via signed-in user
[info] 
     ######## #### ########  ######## ########     ###     ######  ########
     ##        ##  ##     ## ##       ##     ##  ##   ##  ##       ##
     ######    ##  ########  ######   ########  #########  ######  ######
     ##        ##  ##    ##  ##       ##     ## ##     ##       ## ##
     ##       #### ##     ## ######## ########  ##     ##  ######  ########

You're about to initialize a Firebase project in this directory:

  D:\Media\Documents\Robotics\Code\ChaosApp

Before we get started, keep in mind:

  * You are initializing in an existing Firebase project directory

[info] 
     ######## #### ########  ######## ########     ###     ######  ########
     ##        ##  ##     ## ##       ##     ##  ##   ##  ##       ##
     ######    ##  ########  ######   ########  #########  ######  ######
     ##        ##  ##    ##  ##       ##     ## ##     ##       ## ##
     ##       #### ##     ## ######## ########  ##     ##  ######  ########

You're about to initialize a Firebase project in this directory:

  D:\Media\Documents\Robotics\Code\ChaosApp

Before we get started, keep in mind:

  * You are initializing in an existing Firebase project directory

[info] 
     ######## #### ########  ######## ########     ###     ######  ########
     ##        ##  ##     ## ##       ##     ##  ##   ##  ##       ##
     ######    ##  ########  ######   ########  #########  ######  ######
     ##        ##  ##    ##  ##       ##     ## ##     ##       ## ##
     ##       #### ##     ## ######## ########  ##     ##  ######  ########

You're about to initialize a Firebase project in this directory:

  D:\Media\Documents\Robotics\Code\ChaosApp

Before we get started, keep in mind:

  * You are initializing in an existing Firebase project directory

[info] 
     ######## #### ########  ######## ########     ###     ######  ########
     ##        ##  ##     ## ##       ##     ##  ##   ##  ##       ##
     ######    ##  ########  ######   ########  #########  ######  ######
     ##        ##  ##    ##  ##       ##     ## ##     ##       ## ##
     ##       #### ##     ## ######## ########  ##     ##  ######  ########

You're about to initialize a Firebase project in this directory:

  D:\Media\Documents\Robotics\Code\ChaosApp

Before we get started, keep in mind:

  * You are initializing in an existing Firebase project directory

